<?xml version="1.0" encoding="UTF-8"?>
<!-- Generated by org.testng.reporters.JUnitReportReporter -->
<testsuite skipped="0" hostname="node-dia.pool-1-0.dynamic.totbb.net" name="scenarios.AppiumTest" tests="1" failures="0" timestamp="11 ene 2018 13:04:07 GMT" time="5.023" errors="0">
  <testcase name="loginPageTest" time="5.023" classname="scenarios.AppiumTest"/>
</testsuite> <!-- scenarios.AppiumTest -->
