<?xml version="1.0" encoding="UTF-8"?>
<!-- Generated by org.testng.reporters.JUnitReportReporter -->
<testsuite skipped="0" hostname="node-djy.pool-1-0.dynamic.totbb.net" name="scenarios.AppiumTest" tests="2" failures="0" timestamp="15 ene 2018 09:19:00 GMT" time="10.042" errors="0">
  <testcase name="loginPageTest" time="5.026" classname="scenarios.AppiumTest"/>
  <testcase name="loginPage2Test" time="5.016" classname="scenarios.AppiumTest"/>
</testsuite> <!-- scenarios.AppiumTest -->
